build/app/intermediates/manifest_merge_blame_file/release/manifest-merger-blame-release-report.txt
1<?xml version="1.0" encoding="utf-8"?>
2<manifest xmlns:android="http://schemas.android.com/apk/res/android"
3    package="com.a1in1.glc"
4    android:versionCode="1"
5    android:versionName="1.0.0" >
6
7    <uses-sdk
8        android:minSdkVersion="16"
8-->src/main/AndroidManifest.xml
9        android:targetSdkVersion="28" />
9-->src/main/AndroidManifest.xml
10
11    <uses-permission android:name="android.permission.ACCESS_NETWORK_STATE" />
11-->[com.google.android.exoplayer:exoplayer-core:2.12.1] AndroidManifest.xml:24:5-79
11-->[com.google.android.exoplayer:exoplayer-core:2.12.1] AndroidManifest.xml:24:22-76
12    <uses-permission android:name="android.permission.WAKE_LOCK" />
12-->[androidx.work:work-runtime:2.4.0] AndroidManifest.xml:25:5-68
12-->[androidx.work:work-runtime:2.4.0] AndroidManifest.xml:25:22-65
13    <uses-permission android:name="android.permission.RECEIVE_BOOT_COMPLETED" />
13-->[androidx.work:work-runtime:2.4.0] AndroidManifest.xml:27:5-81
13-->[androidx.work:work-runtime:2.4.0] AndroidManifest.xml:27:22-78
14    <uses-permission android:name="android.permission.FOREGROUND_SERVICE" />
14-->[androidx.work:work-runtime:2.4.0] AndroidManifest.xml:28:5-77
14-->[androidx.work:work-runtime:2.4.0] AndroidManifest.xml:28:22-74
15    <!--
16 io.flutter.app.FlutterApplication is an android.app.Application that
17         calls FlutterMain.startInitialization(this); in its onCreate method.
18         In most cases you can leave this as-is, but you if you want to provide
19         additional functionality it is fine to subclass or reimplement
20         FlutterApplication and put your custom class here.
21    -->
22    <application
22-->src/main/AndroidManifest.xml:8:5-46:19
23        android:name="io.flutter.app.FlutterApplication"
23-->src/main/AndroidManifest.xml:9:9-57
24        android:appComponentFactory="androidx.core.app.CoreComponentFactory"
24-->[androidx.core:core:1.6.0-alpha02] AndroidManifest.xml:24:18-86
25        android:icon="@mipmap/ic_launcher"
25-->src/main/AndroidManifest.xml:11:9-43
26        android:label="GLC" >
26-->src/main/AndroidManifest.xml:10:9-28
27        <activity
27-->src/main/AndroidManifest.xml:12:9-40:20
28            android:name="com.a1in1.glc.MainActivity"
28-->src/main/AndroidManifest.xml:13:13-41
29            android:configChanges="orientation|keyboardHidden|keyboard|screenSize|smallestScreenSize|locale|layoutDirection|fontScale|screenLayout|density|uiMode"
29-->src/main/AndroidManifest.xml:16:13-163
30            android:hardwareAccelerated="true"
30-->src/main/AndroidManifest.xml:17:13-47
31            android:launchMode="singleTop"
31-->src/main/AndroidManifest.xml:14:13-43
32            android:theme="@style/LaunchTheme"
32-->src/main/AndroidManifest.xml:15:13-47
33            android:windowSoftInputMode="adjustResize" >
33-->src/main/AndroidManifest.xml:18:13-55
34
35            <!--
36                 Specifies an Android theme to apply to this Activity as soon as
37                 the Android process has started. This theme is visible to the user
38                 while the Flutter UI initializes. After that, this theme continues
39                 to determine the Window background behind the Flutter UI.
40            -->
41            <meta-data
41-->src/main/AndroidManifest.xml:23:13-26:17
42                android:name="io.flutter.embedding.android.NormalTheme"
42-->src/main/AndroidManifest.xml:24:15-70
43                android:resource="@style/NormalTheme" />
43-->src/main/AndroidManifest.xml:25:15-52
44            <!--
45                 Displays an Android View that continues showing the launch screen
46                 Drawable until Flutter paints its first frame, then this splash
47                 screen fades out. A splash screen is useful to avoid any visual
48                 gap between the end of Android's launch screen and the painting of
49                 Flutter's first frame.
50            -->
51            <meta-data
51-->src/main/AndroidManifest.xml:32:13-35:17
52                android:name="io.flutter.embedding.android.SplashScreenDrawable"
52-->src/main/AndroidManifest.xml:33:15-79
53                android:resource="@drawable/launch_background" />
53-->src/main/AndroidManifest.xml:34:15-61
54
55            <intent-filter>
55-->src/main/AndroidManifest.xml:36:13-39:29
56                <action android:name="android.intent.action.MAIN" />
56-->src/main/AndroidManifest.xml:37:17-68
56-->src/main/AndroidManifest.xml:37:25-66
57
58                <category android:name="android.intent.category.LAUNCHER" />
58-->src/main/AndroidManifest.xml:38:17-76
58-->src/main/AndroidManifest.xml:38:27-74
59            </intent-filter>
60        </activity>
61        <!--
62             Don't delete the meta-data below.
63             This is used by the Flutter tool to generate GeneratedPluginRegistrant.java
64        -->
65        <meta-data
65-->src/main/AndroidManifest.xml:43:9-45:33
66            android:name="flutterEmbedding"
66-->src/main/AndroidManifest.xml:44:13-44
67            android:value="2" />
67-->src/main/AndroidManifest.xml:45:13-30
68
69        <provider
69-->[androidx.work:work-runtime:2.4.0] AndroidManifest.xml:31:9-37:35
70            android:name="androidx.work.impl.WorkManagerInitializer"
70-->[androidx.work:work-runtime:2.4.0] AndroidManifest.xml:32:13-69
71            android:authorities="com.a1in1.glc.workmanager-init"
71-->[androidx.work:work-runtime:2.4.0] AndroidManifest.xml:33:13-68
72            android:directBootAware="false"
72-->[androidx.work:work-runtime:2.4.0] AndroidManifest.xml:34:13-44
73            android:exported="false"
73-->[androidx.work:work-runtime:2.4.0] AndroidManifest.xml:35:13-37
74            android:multiprocess="true" />
74-->[androidx.work:work-runtime:2.4.0] AndroidManifest.xml:36:13-40
75
76        <service
76-->[androidx.work:work-runtime:2.4.0] AndroidManifest.xml:39:9-44:35
77            android:name="androidx.work.impl.background.systemalarm.SystemAlarmService"
77-->[androidx.work:work-runtime:2.4.0] AndroidManifest.xml:40:13-88
78            android:directBootAware="false"
78-->[androidx.work:work-runtime:2.4.0] AndroidManifest.xml:41:13-44
79            android:enabled="@bool/enable_system_alarm_service_default"
79-->[androidx.work:work-runtime:2.4.0] AndroidManifest.xml:42:13-72
80            android:exported="false" />
80-->[androidx.work:work-runtime:2.4.0] AndroidManifest.xml:43:13-37
81        <service
81-->[androidx.work:work-runtime:2.4.0] AndroidManifest.xml:45:9-51:35
82            android:name="androidx.work.impl.background.systemjob.SystemJobService"
82-->[androidx.work:work-runtime:2.4.0] AndroidManifest.xml:46:13-84
83            android:directBootAware="false"
83-->[androidx.work:work-runtime:2.4.0] AndroidManifest.xml:47:13-44
84            android:enabled="@bool/enable_system_job_service_default"
84-->[androidx.work:work-runtime:2.4.0] AndroidManifest.xml:48:13-70
85            android:exported="true"
85-->[androidx.work:work-runtime:2.4.0] AndroidManifest.xml:49:13-36
86            android:permission="android.permission.BIND_JOB_SERVICE" />
86-->[androidx.work:work-runtime:2.4.0] AndroidManifest.xml:50:13-69
87        <service
87-->[androidx.work:work-runtime:2.4.0] AndroidManifest.xml:52:9-57:35
88            android:name="androidx.work.impl.foreground.SystemForegroundService"
88-->[androidx.work:work-runtime:2.4.0] AndroidManifest.xml:53:13-81
89            android:directBootAware="false"
89-->[androidx.work:work-runtime:2.4.0] AndroidManifest.xml:54:13-44
90            android:enabled="@bool/enable_system_foreground_service_default"
90-->[androidx.work:work-runtime:2.4.0] AndroidManifest.xml:55:13-77
91            android:exported="false" />
91-->[androidx.work:work-runtime:2.4.0] AndroidManifest.xml:56:13-37
92
93        <receiver
93-->[androidx.work:work-runtime:2.4.0] AndroidManifest.xml:59:9-64:35
94            android:name="androidx.work.impl.utils.ForceStopRunnable$BroadcastReceiver"
94-->[androidx.work:work-runtime:2.4.0] AndroidManifest.xml:60:13-88
95            android:directBootAware="false"
95-->[androidx.work:work-runtime:2.4.0] AndroidManifest.xml:61:13-44
96            android:enabled="true"
96-->[androidx.work:work-runtime:2.4.0] AndroidManifest.xml:62:13-35
97            android:exported="false" />
97-->[androidx.work:work-runtime:2.4.0] AndroidManifest.xml:63:13-37
98        <receiver
98-->[androidx.work:work-runtime:2.4.0] AndroidManifest.xml:65:9-75:20
99            android:name="androidx.work.impl.background.systemalarm.ConstraintProxy$BatteryChargingProxy"
99-->[androidx.work:work-runtime:2.4.0] AndroidManifest.xml:66:13-106
100            android:directBootAware="false"
100-->[androidx.work:work-runtime:2.4.0] AndroidManifest.xml:67:13-44
101            android:enabled="false"
101-->[androidx.work:work-runtime:2.4.0] AndroidManifest.xml:68:13-36
102            android:exported="false" >
102-->[androidx.work:work-runtime:2.4.0] AndroidManifest.xml:69:13-37
103            <intent-filter>
103-->[androidx.work:work-runtime:2.4.0] AndroidManifest.xml:71:13-74:29
104                <action android:name="android.intent.action.ACTION_POWER_CONNECTED" />
104-->[androidx.work:work-runtime:2.4.0] AndroidManifest.xml:72:17-87
104-->[androidx.work:work-runtime:2.4.0] AndroidManifest.xml:72:25-84
105                <action android:name="android.intent.action.ACTION_POWER_DISCONNECTED" />
105-->[androidx.work:work-runtime:2.4.0] AndroidManifest.xml:73:17-90
105-->[androidx.work:work-runtime:2.4.0] AndroidManifest.xml:73:25-87
106            </intent-filter>
107        </receiver>
108        <receiver
108-->[androidx.work:work-runtime:2.4.0] AndroidManifest.xml:76:9-86:20
109            android:name="androidx.work.impl.background.systemalarm.ConstraintProxy$BatteryNotLowProxy"
109-->[androidx.work:work-runtime:2.4.0] AndroidManifest.xml:77:13-104
110            android:directBootAware="false"
110-->[androidx.work:work-runtime:2.4.0] AndroidManifest.xml:78:13-44
111            android:enabled="false"
111-->[androidx.work:work-runtime:2.4.0] AndroidManifest.xml:79:13-36
112            android:exported="false" >
112-->[androidx.work:work-runtime:2.4.0] AndroidManifest.xml:80:13-37
113            <intent-filter>
113-->[androidx.work:work-runtime:2.4.0] AndroidManifest.xml:82:13-85:29
114                <action android:name="android.intent.action.BATTERY_OKAY" />
114-->[androidx.work:work-runtime:2.4.0] AndroidManifest.xml:83:17-77
114-->[androidx.work:work-runtime:2.4.0] AndroidManifest.xml:83:25-74
115                <action android:name="android.intent.action.BATTERY_LOW" />
115-->[androidx.work:work-runtime:2.4.0] AndroidManifest.xml:84:17-76
115-->[androidx.work:work-runtime:2.4.0] AndroidManifest.xml:84:25-73
116            </intent-filter>
117        </receiver>
118        <receiver
118-->[androidx.work:work-runtime:2.4.0] AndroidManifest.xml:87:9-97:20
119            android:name="androidx.work.impl.background.systemalarm.ConstraintProxy$StorageNotLowProxy"
119-->[androidx.work:work-runtime:2.4.0] AndroidManifest.xml:88:13-104
120            android:directBootAware="false"
120-->[androidx.work:work-runtime:2.4.0] AndroidManifest.xml:89:13-44
121            android:enabled="false"
121-->[androidx.work:work-runtime:2.4.0] AndroidManifest.xml:90:13-36
122            android:exported="false" >
122-->[androidx.work:work-runtime:2.4.0] AndroidManifest.xml:91:13-37
123            <intent-filter>
123-->[androidx.work:work-runtime:2.4.0] AndroidManifest.xml:93:13-96:29
124                <action android:name="android.intent.action.DEVICE_STORAGE_LOW" />
124-->[androidx.work:work-runtime:2.4.0] AndroidManifest.xml:94:17-83
124-->[androidx.work:work-runtime:2.4.0] AndroidManifest.xml:94:25-80
125                <action android:name="android.intent.action.DEVICE_STORAGE_OK" />
125-->[androidx.work:work-runtime:2.4.0] AndroidManifest.xml:95:17-82
125-->[androidx.work:work-runtime:2.4.0] AndroidManifest.xml:95:25-79
126            </intent-filter>
127        </receiver>
128        <receiver
128-->[androidx.work:work-runtime:2.4.0] AndroidManifest.xml:98:9-107:20
129            android:name="androidx.work.impl.background.systemalarm.ConstraintProxy$NetworkStateProxy"
129-->[androidx.work:work-runtime:2.4.0] AndroidManifest.xml:99:13-103
130            android:directBootAware="false"
130-->[androidx.work:work-runtime:2.4.0] AndroidManifest.xml:100:13-44
131            android:enabled="false"
131-->[androidx.work:work-runtime:2.4.0] AndroidManifest.xml:101:13-36
132            android:exported="false" >
132-->[androidx.work:work-runtime:2.4.0] AndroidManifest.xml:102:13-37
133            <intent-filter>
133-->[androidx.work:work-runtime:2.4.0] AndroidManifest.xml:104:13-106:29
134                <action android:name="android.net.conn.CONNECTIVITY_CHANGE" />
134-->[androidx.work:work-runtime:2.4.0] AndroidManifest.xml:105:17-79
134-->[androidx.work:work-runtime:2.4.0] AndroidManifest.xml:105:25-76
135            </intent-filter>
136        </receiver>
137        <receiver
137-->[androidx.work:work-runtime:2.4.0] AndroidManifest.xml:108:9-119:20
138            android:name="androidx.work.impl.background.systemalarm.RescheduleReceiver"
138-->[androidx.work:work-runtime:2.4.0] AndroidManifest.xml:109:13-88
139            android:directBootAware="false"
139-->[androidx.work:work-runtime:2.4.0] AndroidManifest.xml:110:13-44
140            android:enabled="false"
140-->[androidx.work:work-runtime:2.4.0] AndroidManifest.xml:111:13-36
141            android:exported="false" >
141-->[androidx.work:work-runtime:2.4.0] AndroidManifest.xml:112:13-37
142            <intent-filter>
142-->[androidx.work:work-runtime:2.4.0] AndroidManifest.xml:114:13-118:29
143                <action android:name="android.intent.action.BOOT_COMPLETED" />
143-->[androidx.work:work-runtime:2.4.0] AndroidManifest.xml:115:17-79
143-->[androidx.work:work-runtime:2.4.0] AndroidManifest.xml:115:25-76
144                <action android:name="android.intent.action.TIME_SET" />
144-->[androidx.work:work-runtime:2.4.0] AndroidManifest.xml:116:17-73
144-->[androidx.work:work-runtime:2.4.0] AndroidManifest.xml:116:25-70
145                <action android:name="android.intent.action.TIMEZONE_CHANGED" />
145-->[androidx.work:work-runtime:2.4.0] AndroidManifest.xml:117:17-81
145-->[androidx.work:work-runtime:2.4.0] AndroidManifest.xml:117:25-78
146            </intent-filter>
147        </receiver>
148        <receiver
148-->[androidx.work:work-runtime:2.4.0] AndroidManifest.xml:120:9-129:20
149            android:name="androidx.work.impl.background.systemalarm.ConstraintProxyUpdateReceiver"
149-->[androidx.work:work-runtime:2.4.0] AndroidManifest.xml:121:13-99
150            android:directBootAware="false"
150-->[androidx.work:work-runtime:2.4.0] AndroidManifest.xml:122:13-44
151            android:enabled="@bool/enable_system_alarm_service_default"
151-->[androidx.work:work-runtime:2.4.0] AndroidManifest.xml:123:13-72
152            android:exported="false" >
152-->[androidx.work:work-runtime:2.4.0] AndroidManifest.xml:124:13-37
153            <intent-filter>
153-->[androidx.work:work-runtime:2.4.0] AndroidManifest.xml:126:13-128:29
154                <action android:name="androidx.work.impl.background.systemalarm.UpdateProxies" />
154-->[androidx.work:work-runtime:2.4.0] AndroidManifest.xml:127:17-98
154-->[androidx.work:work-runtime:2.4.0] AndroidManifest.xml:127:25-95
155            </intent-filter>
156        </receiver>
157        <receiver
157-->[androidx.work:work-runtime:2.4.0] AndroidManifest.xml:130:9-140:20
158            android:name="androidx.work.impl.diagnostics.DiagnosticsReceiver"
158-->[androidx.work:work-runtime:2.4.0] AndroidManifest.xml:131:13-78
159            android:directBootAware="false"
159-->[androidx.work:work-runtime:2.4.0] AndroidManifest.xml:132:13-44
160            android:enabled="true"
160-->[androidx.work:work-runtime:2.4.0] AndroidManifest.xml:133:13-35
161            android:exported="true"
161-->[androidx.work:work-runtime:2.4.0] AndroidManifest.xml:134:13-36
162            android:permission="android.permission.DUMP" >
162-->[androidx.work:work-runtime:2.4.0] AndroidManifest.xml:135:13-57
163            <intent-filter>
163-->[androidx.work:work-runtime:2.4.0] AndroidManifest.xml:137:13-139:29
164                <action android:name="androidx.work.diagnostics.REQUEST_DIAGNOSTICS" />
164-->[androidx.work:work-runtime:2.4.0] AndroidManifest.xml:138:17-88
164-->[androidx.work:work-runtime:2.4.0] AndroidManifest.xml:138:25-85
165            </intent-filter>
166        </receiver>
167
168        <service
168-->[androidx.room:room-runtime:2.2.5] AndroidManifest.xml:25:9-28:40
169            android:name="androidx.room.MultiInstanceInvalidationService"
169-->[androidx.room:room-runtime:2.2.5] AndroidManifest.xml:26:13-74
170            android:directBootAware="true"
170-->[androidx.room:room-runtime:2.2.5] AndroidManifest.xml:27:13-43
171            android:exported="false" />
171-->[androidx.room:room-runtime:2.2.5] AndroidManifest.xml:28:13-37
172    </application>
173
174</manifest>